Determining if the pthread_create exist failed with the following output:
Change Dir: /home/hilllo/GitHub/asst2_meshedit/build/CMakeFiles/CMakeTmp

Run Build Command:/usr/bin/make "cmTryCompileExec2199621933/fast"
/usr/bin/make -f CMakeFiles/cmTryCompileExec2199621933.dir/build.make CMakeFiles/cmTryCompileExec2199621933.dir/build
make[1]: Entering directory `/home/hilllo/GitHub/asst2_meshedit/build/CMakeFiles/CMakeTmp'
/usr/bin/cmake -E cmake_progress_report /home/hilllo/GitHub/asst2_meshedit/build/CMakeFiles/CMakeTmp/CMakeFiles 1
Building C object CMakeFiles/cmTryCompileExec2199621933.dir/CheckSymbolExists.c.o
/usr/bin/cc    -o CMakeFiles/cmTryCompileExec2199621933.dir/CheckSymbolExists.c.o   -c /home/hilllo/GitHub/asst2_meshedit/build/CMakeFiles/CMakeTmp/CheckSymbolExists.c
Linking C executable cmTryCompileExec2199621933
/usr/bin/cmake -E cmake_link_script CMakeFiles/cmTryCompileExec2199621933.dir/link.txt --verbose=1
/usr/bin/cc       CMakeFiles/cmTryCompileExec2199621933.dir/CheckSymbolExists.c.o  -o cmTryCompileExec2199621933 -rdynamic 
CMakeFiles/cmTryCompileExec2199621933.dir/CheckSymbolExists.c.o: In function `main':
CheckSymbolExists.c:(.text+0x16): undefined reference to `pthread_create'
collect2: error: ld returned 1 exit status
make[1]: Leaving directory `/home/hilllo/GitHub/asst2_meshedit/build/CMakeFiles/CMakeTmp'
make[1]: *** [cmTryCompileExec2199621933] Error 1
make: *** [cmTryCompileExec2199621933/fast] Error 2

File /home/hilllo/GitHub/asst2_meshedit/build/CMakeFiles/CMakeTmp/CheckSymbolExists.c:
/* */
#include <pthread.h>

int main(int argc, char** argv)
{
  (void)argv;
#ifndef pthread_create
  return ((int*)(&pthread_create))[argc];
#else
  (void)argc;
  return 0;
#endif
}

Determining if the function pthread_create exists in the pthreads failed with the following output:
Change Dir: /home/hilllo/GitHub/asst2_meshedit/build/CMakeFiles/CMakeTmp

Run Build Command:/usr/bin/make "cmTryCompileExec1321525143/fast"
/usr/bin/make -f CMakeFiles/cmTryCompileExec1321525143.dir/build.make CMakeFiles/cmTryCompileExec1321525143.dir/build
make[1]: Entering directory `/home/hilllo/GitHub/asst2_meshedit/build/CMakeFiles/CMakeTmp'
/usr/bin/cmake -E cmake_progress_report /home/hilllo/GitHub/asst2_meshedit/build/CMakeFiles/CMakeTmp/CMakeFiles 1
Building C object CMakeFiles/cmTryCompileExec1321525143.dir/CheckFunctionExists.c.o
/usr/bin/cc   -DCHECK_FUNCTION_EXISTS=pthread_create   -o CMakeFiles/cmTryCompileExec1321525143.dir/CheckFunctionExists.c.o   -c /usr/share/cmake-2.8/Modules/CheckFunctionExists.c
Linking C executable cmTryCompileExec1321525143
/usr/bin/cmake -E cmake_link_script CMakeFiles/cmTryCompileExec1321525143.dir/link.txt --verbose=1
/usr/bin/cc   -DCHECK_FUNCTION_EXISTS=pthread_create    CMakeFiles/cmTryCompileExec1321525143.dir/CheckFunctionExists.c.o  -o cmTryCompileExec1321525143 -rdynamic -lpthreads 
/usr/bin/ld: cannot find -lpthreads
collect2: error: ld returned 1 exit status
make[1]: Leaving directory `/home/hilllo/GitHub/asst2_meshedit/build/CMakeFiles/CMakeTmp'
make[1]: *** [cmTryCompileExec1321525143] Error 1
make: *** [cmTryCompileExec1321525143/fast] Error 2


Determining if the function glXGetProcAddressEXT exists failed with the following output:
Change Dir: /home/hilllo/GitHub/asst2_meshedit/build/CMakeFiles/CMakeTmp

Run Build Command:/usr/bin/make "cmTryCompileExec2585669487/fast"
/usr/bin/make -f CMakeFiles/cmTryCompileExec2585669487.dir/build.make CMakeFiles/cmTryCompileExec2585669487.dir/build
make[1]: Entering directory `/home/hilllo/GitHub/asst2_meshedit/build/CMakeFiles/CMakeTmp'
/usr/bin/cmake -E cmake_progress_report /home/hilllo/GitHub/asst2_meshedit/build/CMakeFiles/CMakeTmp/CMakeFiles 1
Building C object CMakeFiles/cmTryCompileExec2585669487.dir/CheckFunctionExists.c.o
/usr/bin/cc   -DCHECK_FUNCTION_EXISTS=glXGetProcAddressEXT   -o CMakeFiles/cmTryCompileExec2585669487.dir/CheckFunctionExists.c.o   -c /usr/share/cmake-2.8/Modules/CheckFunctionExists.c
Linking C executable cmTryCompileExec2585669487
/usr/bin/cmake -E cmake_link_script CMakeFiles/cmTryCompileExec2585669487.dir/link.txt --verbose=1
/usr/bin/cc   -DCHECK_FUNCTION_EXISTS=glXGetProcAddressEXT    CMakeFiles/cmTryCompileExec2585669487.dir/CheckFunctionExists.c.o  -o cmTryCompileExec2585669487 -rdynamic -lGL 
CMakeFiles/cmTryCompileExec2585669487.dir/CheckFunctionExists.c.o: In function `main':
CheckFunctionExists.c:(.text+0x15): undefined reference to `glXGetProcAddressEXT'
collect2: error: ld returned 1 exit status
make[1]: Leaving directory `/home/hilllo/GitHub/asst2_meshedit/build/CMakeFiles/CMakeTmp'
make[1]: *** [cmTryCompileExec2585669487] Error 1
make: *** [cmTryCompileExec2585669487/fast] Error 2


